<?xml version="1.0" encoding="UTF-8"?>
<testng-results ignored="0" total="1" passed="1" failed="0" skipped="0">
  <reporter-output>
  </reporter-output>
  <suite started-at="2023-06-15T01:58:45 IST" name="Default suite" finished-at="2023-06-15T01:59:03 IST" duration-ms="17707">
    <groups>
    </groups>
    <test started-at="2023-06-15T01:58:45 IST" name="Default test" finished-at="2023-06-15T01:59:03 IST" duration-ms="17707">
      <class name="dataDrivenTest.LoginTest">
        <test-method signature="loginTest()[pri:0, instance:dataDrivenTest.LoginTest@611889f4]" started-at="2023-06-15T01:58:45 IST" name="loginTest" finished-at="2023-06-15T01:59:03 IST" duration-ms="17686" status="PASS">
          <reporter-output>
          </reporter-output>
        </test-method> <!-- loginTest -->
      </class> <!-- dataDrivenTest.LoginTest -->
    </test> <!-- Default test -->
  </suite> <!-- Default suite -->
</testng-results>
